0 info it worked if it ends with ok
1 verbose cli [ '/Users/ryanherlihy/.nvm/v0.10.40/bin/node',
1 verbose cli   '/Users/ryanherlihy/.nvm/v0.10.40/bin/npm',
1 verbose cli   'install',
1 verbose cli   '--save-dev',
1 verbose cli   'react-hot' ]
2 info using npm@1.4.28
3 info using node@v0.10.40
4 warn package.json project@1.0.0 No description
5 warn package.json project@1.0.0 No repository field.
6 warn package.json project@1.0.0 No README data
7 verbose readDependencies using package.json deps
8 verbose cache add [ 'react-hot', null ]
9 verbose cache add name=undefined spec="react-hot" args=["react-hot",null]
10 verbose parsed url { protocol: null,
10 verbose parsed url   slashes: null,
10 verbose parsed url   auth: null,
10 verbose parsed url   host: null,
10 verbose parsed url   port: null,
10 verbose parsed url   hostname: null,
10 verbose parsed url   hash: null,
10 verbose parsed url   search: null,
10 verbose parsed url   query: null,
10 verbose parsed url   pathname: 'react-hot',
10 verbose parsed url   path: 'react-hot',
10 verbose parsed url   href: 'react-hot' }
11 silly lockFile 33dd90ac-react-hot react-hot
12 verbose lock react-hot /Users/ryanherlihy/.npm/33dd90ac-react-hot.lock
13 silly lockFile 33dd90ac-react-hot react-hot
14 silly lockFile 33dd90ac-react-hot react-hot
15 verbose addNamed [ 'react-hot', '' ]
16 verbose addNamed [ null, '*' ]
17 silly lockFile dad67e4c-react-hot react-hot@
18 verbose lock react-hot@ /Users/ryanherlihy/.npm/dad67e4c-react-hot.lock
19 silly addNameRange { name: 'react-hot', range: '*', hasData: false }
20 verbose request where is /react-hot
21 verbose request registry https://registry.npmjs.org/
22 verbose request id 99277b16d2f611f5
23 verbose url raw /react-hot
24 verbose url resolving [ 'https://registry.npmjs.org/', './react-hot' ]
25 verbose url resolved https://registry.npmjs.org/react-hot
26 verbose request where is https://registry.npmjs.org/react-hot
27 info trying registry request attempt 1 at 16:07:45
28 http GET https://registry.npmjs.org/react-hot
29 http 404 https://registry.npmjs.org/react-hot
30 silly registry.get cb [ 404,
30 silly registry.get   { server: 'CouchDB/1.5.0 (Erlang OTP/R16B03)',
30 silly registry.get     etag: '"5RCGCXJOSJEPDJFRISTTHF57T"',
30 silly registry.get     'content-type': 'application/json',
30 silly registry.get     'cache-control': 'max-age=0',
30 silly registry.get     'content-length': '564',
30 silly registry.get     'accept-ranges': 'bytes',
30 silly registry.get     date: 'Wed, 29 Jul 2015 20:07:44 GMT',
30 silly registry.get     via: '1.1 varnish',
30 silly registry.get     age: '0',
30 silly registry.get     connection: 'keep-alive',
30 silly registry.get     'x-served-by': 'cache-jfk1021-JFK',
30 silly registry.get     'x-cache': 'MISS',
30 silly registry.get     'x-cache-hits': '0',
30 silly registry.get     'x-timer': 'S1438200464.499831,VS0,VE87',
30 silly registry.get     vary: 'Accept' } ]
31 silly lockFile dad67e4c-react-hot react-hot@
32 silly lockFile dad67e4c-react-hot react-hot@
33 error 404 Not Found
33 error 404
33 error 404 'react-hot' is not in the npm registry.
33 error 404 You should bug the author to publish it
33 error 404 It was specified as a dependency of 'project'
33 error 404
33 error 404 Note that you can also install from a
33 error 404 tarball, folder, or http url, or git url.
34 error System Darwin 14.3.0
35 error command "/Users/ryanherlihy/.nvm/v0.10.40/bin/node" "/Users/ryanherlihy/.nvm/v0.10.40/bin/npm" "install" "--save-dev" "react-hot"
36 error cwd /Users/ryanherlihy/project
37 error node -v v0.10.40
38 error npm -v 1.4.28
39 error code E404
40 verbose exit [ 1, true ]
